<?xml version="1.0" encoding="UTF-8"?>
<!-- Generated by org.testng.reporters.JUnitXMLReporter -->
<testsuite hostname="DESKTOP-D81DR9A" ignored="0" tests="1" failures="1" timestamp="2019-01-21T17:38:50 EET" time="8.549" errors="0">
  <testcase name="testSearch" time="2.998" classname="Main">
    <failure type="java.lang.NumberFormatException" message="For input string: &amp;quot;84300 &amp;quot;">
      <![CDATA[java.lang.NumberFormatException: For input string: "84300 "
at java.lang.NumberFormatException.forInputString(NumberFormatException.java:65)
at java.lang.Integer.parseInt(Integer.java:580)
at java.lang.Integer.parseInt(Integer.java:615)
at Main.testSearch(Main.java:69)
... Removed 26 stack frames]]>
    </failure>
  </testcase> <!-- testSearch -->
</testsuite>
